<?xml version="1.0" encoding="UTF-8"?>
<!-- Generated by org.testng.reporters.JUnitXMLReporter -->
<testsuite ignored="0" hostname="POOLW42SLPC7779" failures="0" tests="7" name="AddCoupon_TestCase" time="269.307" errors="0" timestamp="2022-12-09T11:50:18 IST">
  <testcase classname="TestCase.AddCoupon_TestCase" name="ValidData" time="15.071"/>
  <testcase classname="TestCase.AddCoupon_TestCase" name="OnlyNumbers" time="16.598"/>
  <testcase classname="TestCase.AddCoupon_TestCase" name="OnlySpecialCharacters" time="12.881"/>
  <testcase classname="TestCase.AddCoupon_TestCase" name="OnlySmallAlphaChar" time="19.329"/>
  <testcase classname="TestCase.AddCoupon_TestCase" name="OnlyCaptalAlphaChar" time="21.53"/>
  <testcase classname="TestCase.AddCoupon_TestCase" name="OnlyBlank" time="11.851"/>
  <testcase classname="TestCase.AddCoupon_TestCase" name="SpecialAlphaChar" time="12.121"/>
</testsuite> <!-- AddCoupon_TestCase -->
