<?xml version="1.0" encoding="UTF-8"?>
<!-- Generated by org.testng.reporters.JUnitXMLReporter -->
<testsuite ignored="0" hostname="POOLW42SLPC7779" failures="0" tests="7" name="EcommerceCategory_TestCase" time="265.695" errors="0" timestamp="2022-12-09T13:15:08 IST">
  <testcase classname="TestCase.EcommerceCategory_TestCase" name="ValidCategoryNameImage" time="13.123"/>
  <testcase classname="TestCase.EcommerceCategory_TestCase" name="NumbersInCategoryName" time="26.15"/>
  <testcase classname="TestCase.EcommerceCategory_TestCase" name="SpecialCharactersInCategoryName" time="10.406"/>
  <testcase classname="TestCase.EcommerceCategory_TestCase" name="BlankCategoryName" time="9.448"/>
  <testcase classname="TestCase.EcommerceCategory_TestCase" name="AlphaNumbersInCategoryName" time="10.357"/>
  <testcase classname="TestCase.EcommerceCategory_TestCase" name="ValidImage" time="28.075"/>
  <testcase classname="TestCase.EcommerceCategory_TestCase" name="BlankImageBox" time="11.201"/>
</testsuite> <!-- EcommerceCategory_TestCase -->
